Using pre-set license

 COMMAND LINE ARGUMENTS:
/Applications/Unity/Hub/Editor/2020.3.11f1/Unity.app/Contents/MacOS/Unity
-adb2
-batchMode
-noUpm
-name
AssetImportWorker0
-projectPath
/Users/christian_gen/Desktop/Unity Learn - Create With Code/Unit 2/UnityLearn_CreateWithCode_Prototype2/UnityLearn_CreateWithCode_Prototype2
-logFile
Logs/AssetImportWorker0.log
-srvPort
52598
Successfully changed project path to: /Users/christian_gen/Desktop/Unity Learn - Create With Code/Unit 2/UnityLearn_CreateWithCode_Prototype2/UnityLearn_CreateWithCode_Prototype2
/Users/christian_gen/Desktop/Unity Learn - Create With Code/Unit 2/UnityLearn_CreateWithCode_Prototype2/UnityLearn_CreateWithCode_Prototype2
Using Asset Import Pipeline V2.
Refreshing native plugins compatible for Editor in 46.29 ms, found 2 plugins.
Preloading 0 native plugins for Editor in 0.00 ms.
Initialize engine version: 2020.3.11f1 (99c7afb366b3)
[Subsystems] Discovering subsystems at path /Applications/Unity/Hub/Editor/2020.3.11f1/Unity.app/Contents/Resources/UnitySubsystems
[Subsystems] Discovering subsystems at path /Users/christian_gen/Desktop/Unity Learn - Create With Code/Unit 2/UnityLearn_CreateWithCode_Prototype2/UnityLearn_CreateWithCode_Prototype2/Assets
GfxDevice: creating device client; threaded=0
2021-06-05 10:52:01.049 Unity[38345:1659704] Color LCD preferred device: Intel(R) Iris(TM) Graphics 6100 (low power)
2021-06-05 10:52:01.049 Unity[38345:1659704] Metal devices available: 1
2021-06-05 10:52:01.049 Unity[38345:1659704] 0: Intel(R) Iris(TM) Graphics 6100 (low power)
2021-06-05 10:52:01.050 Unity[38345:1659704] Using device Intel(R) Iris(TM) Graphics 6100 (low power)
Initializing Metal device caps: Intel(R) Iris(TM) Graphics 6100
Initialize mono
Mono path[0] = '/Applications/Unity/Hub/Editor/2020.3.11f1/Unity.app/Contents/Managed'
Mono path[1] = '/Applications/Unity/Hub/Editor/2020.3.11f1/Unity.app/Contents/MonoBleedingEdge/lib/mono/unityjit'
Mono config path = '/Applications/Unity/Hub/Editor/2020.3.11f1/Unity.app/Contents/MonoBleedingEdge/etc'
Using monoOptions --debugger-agent=transport=dt_socket,embedding=1,server=y,suspend=n,address=127.0.0.1:56345
Begin MonoManager ReloadAssembly
Registering precompiled unity dll's ...
Register platform support module: /Applications/Unity/Hub/Editor/2020.3.11f1/Unity.app/Contents/PlaybackEngines/MacStandaloneSupport/UnityEditor.OSXStandalone.Extensions.dll
Registered in 0.003755 seconds.
Native extension for OSXStandalone target not found
Refreshing native plugins compatible for Editor in 36.66 ms, found 2 plugins.
Preloading 0 native plugins for Editor in 0.00 ms.
Mono: successfully reloaded assembly
- Completed reload, in  2.057 seconds
Platform modules already initialized, skipping
Registering precompiled user dll's ...
Registered in 0.003758 seconds.
Begin MonoManager ReloadAssembly
Native extension for OSXStandalone target not found
Refreshing native plugins compatible for Editor in 0.41 ms, found 2 plugins.
Preloading 0 native plugins for Editor in 0.00 ms.
Mono: successfully reloaded assembly
- Completed reload, in  2.880 seconds
Platform modules already initialized, skipping
========================================================================
Worker process is ready to serve import requests
Launching external process: /Applications/Unity/Hub/Editor/2020.3.11f1/Unity.app/Contents/Tools/UnityShaderCompiler
Launched and connected shader compiler UnityShaderCompiler after 0.02 seconds
Refreshing native plugins compatible for Editor in 0.35 ms, found 2 plugins.
Preloading 0 native plugins for Editor in 0.00 ms.
Unloading 1386 Unused Serialized files (Serialized files now loaded: 0)
System memory in use before: 133.2 MB.
System memory in use after: 133.2 MB.

Unloading 19 unused Assets to reduce memory usage. Loaded Objects now: 1819.
Total: 2.197314 ms (FindLiveObjects: 0.175540 ms CreateObjectMapping: 0.045451 ms MarkObjects: 1.871329 ms  DeleteObjects: 0.103644 ms)

========================================================================
Received Import Request.
  path: Assets/Scenes
  artifactKey: Guid(a3e943af4442846f1828d9fa6d5b6686) Importer(815301076,1909f56bfc062723c751e8b465ee728b)
Start importing Assets/Scenes using Guid(a3e943af4442846f1828d9fa6d5b6686) Importer(815301076,1909f56bfc062723c751e8b465ee728b)  -> (artifact id: 'c8dcb92a28f7894c41b1b84717c85f57') in 0.005178 seconds
  Import took 0.008843 seconds .

