Using pre-set license

 COMMAND LINE ARGUMENTS:
/Applications/Unity/Hub/Editor/2020.3.11f1/Unity.app/Contents/MacOS/Unity
-adb2
-batchMode
-noUpm
-name
AssetImportWorker0
-projectPath
/Users/christian_gen/Desktop/Unity Learn - Create With Code/Unit 2/UnityLearn_CreateWithCode_Prototype2
-logFile
Logs/AssetImportWorker0.log
-srvPort
52706
Successfully changed project path to: /Users/christian_gen/Desktop/Unity Learn - Create With Code/Unit 2/UnityLearn_CreateWithCode_Prototype2
/Users/christian_gen/Desktop/Unity Learn - Create With Code/Unit 2/UnityLearn_CreateWithCode_Prototype2
Using Asset Import Pipeline V2.
Refreshing native plugins compatible for Editor in 40.56 ms, found 2 plugins.
Preloading 0 native plugins for Editor in 0.00 ms.
Initialize engine version: 2020.3.11f1 (99c7afb366b3)
[Subsystems] Discovering subsystems at path /Applications/Unity/Hub/Editor/2020.3.11f1/Unity.app/Contents/Resources/UnitySubsystems
[Subsystems] Discovering subsystems at path /Users/christian_gen/Desktop/Unity Learn - Create With Code/Unit 2/UnityLearn_CreateWithCode_Prototype2/Assets
GfxDevice: creating device client; threaded=0
2021-06-05 10:54:34.010 Unity[38464:1662137] Color LCD preferred device: Intel(R) Iris(TM) Graphics 6100 (low power)
2021-06-05 10:54:34.010 Unity[38464:1662137] Metal devices available: 1
2021-06-05 10:54:34.010 Unity[38464:1662137] 0: Intel(R) Iris(TM) Graphics 6100 (low power)
2021-06-05 10:54:34.010 Unity[38464:1662137] Using device Intel(R) Iris(TM) Graphics 6100 (low power)
Initializing Metal device caps: Intel(R) Iris(TM) Graphics 6100
Initialize mono
Mono path[0] = '/Applications/Unity/Hub/Editor/2020.3.11f1/Unity.app/Contents/Managed'
Mono path[1] = '/Applications/Unity/Hub/Editor/2020.3.11f1/Unity.app/Contents/MonoBleedingEdge/lib/mono/unityjit'
Mono config path = '/Applications/Unity/Hub/Editor/2020.3.11f1/Unity.app/Contents/MonoBleedingEdge/etc'
Using monoOptions --debugger-agent=transport=dt_socket,embedding=1,server=y,suspend=n,address=127.0.0.1:56464
Begin MonoManager ReloadAssembly
Registering precompiled unity dll's ...
Register platform support module: /Applications/Unity/Hub/Editor/2020.3.11f1/Unity.app/Contents/PlaybackEngines/MacStandaloneSupport/UnityEditor.OSXStandalone.Extensions.dll
Registered in 0.001051 seconds.
Native extension for OSXStandalone target not found
Refreshing native plugins compatible for Editor in 34.54 ms, found 2 plugins.
Preloading 0 native plugins for Editor in 0.00 ms.
Mono: successfully reloaded assembly
- Completed reload, in  1.834 seconds
Platform modules already initialized, skipping
Registering precompiled user dll's ...
Registered in 0.005577 seconds.
Begin MonoManager ReloadAssembly
Native extension for OSXStandalone target not found
Refreshing native plugins compatible for Editor in 0.33 ms, found 2 plugins.
Preloading 0 native plugins for Editor in 0.00 ms.
Mono: successfully reloaded assembly
- Completed reload, in  1.503 seconds
Platform modules already initialized, skipping
========================================================================
Worker process is ready to serve import requests
Launching external process: /Applications/Unity/Hub/Editor/2020.3.11f1/Unity.app/Contents/Tools/UnityShaderCompiler
Launched and connected shader compiler UnityShaderCompiler after 0.02 seconds
Refreshing native plugins compatible for Editor in 0.38 ms, found 2 plugins.
Preloading 0 native plugins for Editor in 0.00 ms.
Unloading 1386 Unused Serialized files (Serialized files now loaded: 0)
System memory in use before: 133.2 MB.
System memory in use after: 133.3 MB.

Unloading 19 unused Assets to reduce memory usage. Loaded Objects now: 1819.
Total: 2.333020 ms (FindLiveObjects: 0.177193 ms CreateObjectMapping: 0.046145 ms MarkObjects: 2.006568 ms  DeleteObjects: 0.101757 ms)

========================================================================
Received Import Request.
  path: Assets/Prototype-2_Starter-Files.unitypackage
  artifactKey: Guid(1b36607b61c4d4106a94b853a1dddde2) Importer(815301076,1909f56bfc062723c751e8b465ee728b)
Start importing Assets/Prototype-2_Starter-Files.unitypackage using Guid(1b36607b61c4d4106a94b853a1dddde2) Importer(815301076,1909f56bfc062723c751e8b465ee728b)  -> (artifact id: 'b179e892061c1d4dc278a8ff8f2d6499') in 0.036636 seconds
  Import took 0.039267 seconds .

========================================================================
Received Import Request.
  Time since last request: 16.969427 seconds.
  path: Assets/Course Library
  artifactKey: Guid(25578b6797e2e45dd96589e9fc43c077) Importer(815301076,1909f56bfc062723c751e8b465ee728b)
Start importing Assets/Course Library using Guid(25578b6797e2e45dd96589e9fc43c077) Importer(815301076,1909f56bfc062723c751e8b465ee728b)  -> (artifact id: '1d4318d03a93f840292d3cab26a752ce') in 0.002110 seconds
  Import took 0.010547 seconds .

========================================================================
Received Import Request.
  Time since last request: 4.095846 seconds.
  path: Assets/Scenes/Prototype 2.unity
  artifactKey: Guid(f0196d95ff9244ffaa65879ba7824fd4) Importer(815301076,1909f56bfc062723c751e8b465ee728b)
Start importing Assets/Scenes/Prototype 2.unity using Guid(f0196d95ff9244ffaa65879ba7824fd4) Importer(815301076,1909f56bfc062723c751e8b465ee728b)  -> (artifact id: '558dc2f3d3a1e0e7b4cae2120e4714f9') in 0.003227 seconds
  Import took 0.008443 seconds .

========================================================================
Received Import Request.
  Time since last request: 156.200153 seconds.
  path: Assets/Course Library/Animals
  artifactKey: Guid(2a233e3b8000d4cfab4341947c776ae3) Importer(815301076,1909f56bfc062723c751e8b465ee728b)
Start importing Assets/Course Library/Animals using Guid(2a233e3b8000d4cfab4341947c776ae3) Importer(815301076,1909f56bfc062723c751e8b465ee728b)  -> (artifact id: 'd7b9ebe4c8cd41b19667d3ca4e8fe1d3') in 0.007383 seconds
  Import took 0.017825 seconds .

========================================================================
Received Import Request.
  Time since last request: 0.008729 seconds.
  path: Assets/Course Library/Animals
  artifactKey: Guid(2a233e3b8000d4cfab4341947c776ae3) Importer(815301076,1909f56bfc062723c751e8b465ee728b)
Start importing Assets/Course Library/Animals using Guid(2a233e3b8000d4cfab4341947c776ae3) Importer(815301076,1909f56bfc062723c751e8b465ee728b)  -> (artifact id: 'd7b9ebe4c8cd41b19667d3ca4e8fe1d3') in 0.004760 seconds
  Import took 0.012652 seconds .

========================================================================
Received Import Request.
  Time since last request: 1.752308 seconds.
  path: Assets/Course Library/Animals/Farm
  artifactKey: Guid(a54cf986d26a142ecb0c4813dc58ef12) Importer(815301076,1909f56bfc062723c751e8b465ee728b)
Start importing Assets/Course Library/Animals/Farm using Guid(a54cf986d26a142ecb0c4813dc58ef12) Importer(815301076,1909f56bfc062723c751e8b465ee728b)  -> (artifact id: '04c21d32d6f9b53b154311aade6d3722') in 0.004744 seconds
  Import took 0.014600 seconds .

========================================================================
Received Import Request.
  Time since last request: 0.004745 seconds.
  path: Assets/Course Library/Animals/Farm
  artifactKey: Guid(a54cf986d26a142ecb0c4813dc58ef12) Importer(815301076,1909f56bfc062723c751e8b465ee728b)
Start importing Assets/Course Library/Animals/Farm using Guid(a54cf986d26a142ecb0c4813dc58ef12) Importer(815301076,1909f56bfc062723c751e8b465ee728b)  -> (artifact id: '04c21d32d6f9b53b154311aade6d3722') in 0.008756 seconds
  Import took 0.014567 seconds .

========================================================================
Received Import Request.
  Time since last request: 0.056587 seconds.
  path: Assets/Course Library/Animals/Farm/Animal_Chick.prefab
  artifactKey: Guid(c7ca0992ba00761469f731111e56b107) Importer(815301076,1909f56bfc062723c751e8b465ee728b)
Start importing Assets/Course Library/Animals/Farm/Animal_Chick.prefab using Guid(c7ca0992ba00761469f731111e56b107) Importer(815301076,1909f56bfc062723c751e8b465ee728b)  -> (artifact id: '3d4e5d4b843b8cfb639f48494443edff') in 2.035596 seconds
  Import took 2.040426 seconds .

========================================================================
Received Import Request.
  Time since last request: 0.000271 seconds.
  path: Assets/Course Library/Animals/Farm/Animal_Cow_Brown.prefab
  artifactKey: Guid(50f1d192ccb21a24b95a7e4e403a9bb5) Importer(815301076,1909f56bfc062723c751e8b465ee728b)
Start importing Assets/Course Library/Animals/Farm/Animal_Cow_Brown.prefab using Guid(50f1d192ccb21a24b95a7e4e403a9bb5) Importer(815301076,1909f56bfc062723c751e8b465ee728b)  -> (artifact id: 'a40b80f3d6b93c4eeff465d818363371') in 0.051759 seconds
  Import took 0.055240 seconds .

========================================================================
Received Import Request.
  Time since last request: 0.000681 seconds.
  path: Assets/Course Library/Animals/Farm/Animal_Rooster_Brown.prefab
  artifactKey: Guid(3fe800c166ae0d04881a20247bde736d) Importer(815301076,1909f56bfc062723c751e8b465ee728b)
Start importing Assets/Course Library/Animals/Farm/Animal_Rooster_Brown.prefab using Guid(3fe800c166ae0d04881a20247bde736d) Importer(815301076,1909f56bfc062723c751e8b465ee728b)  -> (artifact id: '620305b58ac3902b0b96ca615f05b9cd') in 0.036246 seconds
  Import took 0.044867 seconds .

========================================================================
Received Import Request.
  Time since last request: 0.000344 seconds.
  path: Assets/Course Library/Animals/Farm/Animal_Chicken_Brown.prefab
  artifactKey: Guid(49b874b9460c6754c829d7cb541a99db) Importer(815301076,1909f56bfc062723c751e8b465ee728b)
Start importing Assets/Course Library/Animals/Farm/Animal_Chicken_Brown.prefab using Guid(49b874b9460c6754c829d7cb541a99db) Importer(815301076,1909f56bfc062723c751e8b465ee728b)  -> (artifact id: '61334737fcab0de12d6846cd54c3746a') in 0.059100 seconds
  Import took 0.064583 seconds .

========================================================================
Received Import Request.
  Time since last request: 0.000339 seconds.
  path: Assets/Course Library/Animals/Farm/Animal_Chicken_White.prefab
  artifactKey: Guid(9bf484c5ec3d3bf43b2034c829f1abbe) Importer(815301076,1909f56bfc062723c751e8b465ee728b)
Start importing Assets/Course Library/Animals/Farm/Animal_Chicken_White.prefab using Guid(9bf484c5ec3d3bf43b2034c829f1abbe) Importer(815301076,1909f56bfc062723c751e8b465ee728b)  -> (artifact id: '58e0691cccf2d510876bdb0b973096d8') in 0.076920 seconds
  Import took 0.082456 seconds .

========================================================================
Received Import Request.
  Time since last request: 0.000858 seconds.
  path: Assets/Course Library/Animals/Farm/Animal_Chicken_Brown.prefab
  artifactKey: Guid(49b874b9460c6754c829d7cb541a99db) Importer(815301076,1909f56bfc062723c751e8b465ee728b)
Start importing Assets/Course Library/Animals/Farm/Animal_Chicken_Brown.prefab using Guid(49b874b9460c6754c829d7cb541a99db) Importer(815301076,1909f56bfc062723c751e8b465ee728b)  -> (artifact id: '61334737fcab0de12d6846cd54c3746a') in 0.038621 seconds
  Import took 0.045709 seconds .

========================================================================
Received Import Request.
  Time since last request: 0.000447 seconds.
  path: Assets/Course Library/Animals/Farm/Animal_Cow_White.prefab
  artifactKey: Guid(85de8c5eef336ad48900b2ac3e7bf65d) Importer(815301076,1909f56bfc062723c751e8b465ee728b)
Start importing Assets/Course Library/Animals/Farm/Animal_Cow_White.prefab using Guid(85de8c5eef336ad48900b2ac3e7bf65d) Importer(815301076,1909f56bfc062723c751e8b465ee728b)  -> (artifact id: '159737e2c00c162176794a35f66a7e58') in 0.077869 seconds
  Import took 0.084961 seconds .

========================================================================
Received Import Request.
  Time since last request: 0.000940 seconds.
  path: Assets/Course Library/Animals/Farm/Animal_Horse_Brown.prefab
  artifactKey: Guid(68a45bf17ac566545b70a13c90a7ee65) Importer(815301076,1909f56bfc062723c751e8b465ee728b)
Start importing Assets/Course Library/Animals/Farm/Animal_Horse_Brown.prefab using Guid(68a45bf17ac566545b70a13c90a7ee65) Importer(815301076,1909f56bfc062723c751e8b465ee728b)  -> (artifact id: '76c97317f0723a5c6a0bd1cda21e416d') in 0.048779 seconds
  Import took 0.052804 seconds .

========================================================================
Received Import Request.
  Time since last request: 0.000439 seconds.
  path: Assets/Course Library/Animals/Farm/Animal_Horse_Black.prefab
  artifactKey: Guid(03e4c5418c1e9164bb1955135d815833) Importer(815301076,1909f56bfc062723c751e8b465ee728b)
Start importing Assets/Course Library/Animals/Farm/Animal_Horse_Black.prefab using Guid(03e4c5418c1e9164bb1955135d815833) Importer(815301076,1909f56bfc062723c751e8b465ee728b)  -> (artifact id: '66adf8808005734c3caea17be599e130') in 0.139457 seconds
  Import took 0.143168 seconds .

========================================================================
Received Import Request.
  Time since last request: 105.128605 seconds.
  path: Assets/Course Library/Animals/Forest
  artifactKey: Guid(305561f73a33c4b6c8ed58fdafd88cdf) Importer(815301076,1909f56bfc062723c751e8b465ee728b)
Start importing Assets/Course Library/Animals/Forest using Guid(305561f73a33c4b6c8ed58fdafd88cdf) Importer(815301076,1909f56bfc062723c751e8b465ee728b)  -> (artifact id: 'de8cc5bd9b8d577276650f5203037156') in 0.002713 seconds
  Import took 0.014326 seconds .

========================================================================
Received Import Request.
  Time since last request: 0.008863 seconds.
  path: Assets/Course Library/Animals/Forest
  artifactKey: Guid(305561f73a33c4b6c8ed58fdafd88cdf) Importer(815301076,1909f56bfc062723c751e8b465ee728b)
Start importing Assets/Course Library/Animals/Forest using Guid(305561f73a33c4b6c8ed58fdafd88cdf) Importer(815301076,1909f56bfc062723c751e8b465ee728b)  -> (artifact id: 'de8cc5bd9b8d577276650f5203037156') in 0.007479 seconds
  Import took 0.018901 seconds .

========================================================================
Received Import Request.
  Time since last request: 0.015460 seconds.
  path: Assets/Course Library/Animals/Forest/Animal_Doe_01.prefab
  artifactKey: Guid(06aceaf909fec8f4081af49b1eea892e) Importer(815301076,1909f56bfc062723c751e8b465ee728b)
Start importing Assets/Course Library/Animals/Forest/Animal_Doe_01.prefab using Guid(06aceaf909fec8f4081af49b1eea892e) Importer(815301076,1909f56bfc062723c751e8b465ee728b)  -> (artifact id: '44c00fafa52f6aa1661e51661a4c1fe2') in 0.081831 seconds
  Import took 0.086064 seconds .

========================================================================
Received Import Request.
  Time since last request: 0.000297 seconds.
  path: Assets/Course Library/Animals/Forest/Animal_Fox_01.prefab
  artifactKey: Guid(e3245acddde40bf49aa555d6bdc14998) Importer(815301076,1909f56bfc062723c751e8b465ee728b)
Start importing Assets/Course Library/Animals/Forest/Animal_Fox_01.prefab using Guid(e3245acddde40bf49aa555d6bdc14998) Importer(815301076,1909f56bfc062723c751e8b465ee728b)  -> (artifact id: 'cdceb8589aa9d82a7ec329cdefaf3f54') in 0.064146 seconds
  Import took 0.068323 seconds .

========================================================================
Received Import Request.
  Time since last request: 0.002260 seconds.
  path: Assets/Course Library/Animals/Forest/Animal_Stag_02.prefab
  artifactKey: Guid(e2b54f18a442ae84cb37b05e649edfc0) Importer(815301076,1909f56bfc062723c751e8b465ee728b)
Start importing Assets/Course Library/Animals/Forest/Animal_Stag_02.prefab using Guid(e2b54f18a442ae84cb37b05e649edfc0) Importer(815301076,1909f56bfc062723c751e8b465ee728b)  -> (artifact id: '9f2455b224f0ee7acdbd8a5908a266a0') in 0.057696 seconds
  Import took 0.072130 seconds .

========================================================================
Received Import Request.
  Time since last request: 0.001007 seconds.
  path: Assets/Course Library/Animals/Forest/Animal_Moose_01.prefab
  artifactKey: Guid(72d1e1ec46e639c47a81658b0d9e230e) Importer(815301076,1909f56bfc062723c751e8b465ee728b)
Start importing Assets/Course Library/Animals/Forest/Animal_Moose_01.prefab using Guid(72d1e1ec46e639c47a81658b0d9e230e) Importer(815301076,1909f56bfc062723c751e8b465ee728b)  -> (artifact id: '45f4c9c53a938a329216f3d3363e6cdd') in 0.054219 seconds
  Import took 0.063847 seconds .

========================================================================
Received Import Request.
  Time since last request: 0.000782 seconds.
  path: Assets/Course Library/Animals/Forest/Animal_Moose_02.prefab
  artifactKey: Guid(02eca77e7e6a2ec41ba4c68f20e26098) Importer(815301076,1909f56bfc062723c751e8b465ee728b)
Start importing Assets/Course Library/Animals/Forest/Animal_Moose_02.prefab using Guid(02eca77e7e6a2ec41ba4c68f20e26098) Importer(815301076,1909f56bfc062723c751e8b465ee728b)  -> (artifact id: '1ed2b627fc5efeb43abbcac59162706f') in 0.055239 seconds
  Import took 0.060067 seconds .

========================================================================
Received Import Request.
  Time since last request: 0.000288 seconds.
  path: Assets/Course Library/Animals/Forest/Animal_Stag_01.prefab
  artifactKey: Guid(ff249e9534924c744bdfa6a3d2d1746c) Importer(815301076,1909f56bfc062723c751e8b465ee728b)
Start importing Assets/Course Library/Animals/Forest/Animal_Stag_01.prefab using Guid(ff249e9534924c744bdfa6a3d2d1746c) Importer(815301076,1909f56bfc062723c751e8b465ee728b)  -> (artifact id: '16542f0913a3643f776083e270c0bba6') in 0.090451 seconds
  Import took 0.095731 seconds .

========================================================================
Received Import Request.
  Time since last request: 0.000768 seconds.
  path: Assets/Course Library/Animals/Forest/Animal_Fox_02.prefab
  artifactKey: Guid(d08ba223a91fb3440afcbed27fafa936) Importer(815301076,1909f56bfc062723c751e8b465ee728b)
Start importing Assets/Course Library/Animals/Forest/Animal_Fox_02.prefab using Guid(d08ba223a91fb3440afcbed27fafa936) Importer(815301076,1909f56bfc062723c751e8b465ee728b)  -> (artifact id: '2058331350a1c595086a42db7c3fb31b') in 0.085797 seconds
  Import took 0.093156 seconds .

========================================================================
Received Import Request.
  Time since last request: 0.000382 seconds.
  path: Assets/Course Library/Animals/Forest/Animal_Doe_02.prefab
  artifactKey: Guid(2fdf2b8525a6fa54ba867925b16564e3) Importer(815301076,1909f56bfc062723c751e8b465ee728b)
Start importing Assets/Course Library/Animals/Forest/Animal_Doe_02.prefab using Guid(2fdf2b8525a6fa54ba867925b16564e3) Importer(815301076,1909f56bfc062723c751e8b465ee728b)  -> (artifact id: '5ab6403114a825263ead94ce0372b4d4') in 0.090139 seconds
  Import took 0.095440 seconds .

========================================================================
Received Import Request.
  Time since last request: 5.492182 seconds.
  path: Assets/Course Library/Animals/Dogs
  artifactKey: Guid(33a2a8fa00602495fa738ee8930568a2) Importer(815301076,1909f56bfc062723c751e8b465ee728b)
Start importing Assets/Course Library/Animals/Dogs using Guid(33a2a8fa00602495fa738ee8930568a2) Importer(815301076,1909f56bfc062723c751e8b465ee728b)  -> (artifact id: 'a76577be47dbecb0462a8a1bd3188b0e') in 0.003147 seconds
  Import took 0.009414 seconds .

========================================================================
Received Import Request.
  Time since last request: 0.083028 seconds.
  path: Assets/Course Library/Animals/Dogs/Dog_Beagle_01.prefab
  artifactKey: Guid(05554c72f25b7364caea91a88803135d) Importer(815301076,1909f56bfc062723c751e8b465ee728b)
Start importing Assets/Course Library/Animals/Dogs/Dog_Beagle_01.prefab using Guid(05554c72f25b7364caea91a88803135d) Importer(815301076,1909f56bfc062723c751e8b465ee728b)  -> (artifact id: '065e1b05c72e17bb4322543ba15d7ebf') in 0.114143 seconds
  Import took 0.118213 seconds .

========================================================================
Received Import Request.
  Time since last request: 0.000270 seconds.
  path: Assets/Course Library/Animals/Dogs/Dog_BullTerrier_01.prefab
  artifactKey: Guid(09fd058ab758a754d8c7c1b690b4f068) Importer(815301076,1909f56bfc062723c751e8b465ee728b)
Start importing Assets/Course Library/Animals/Dogs/Dog_BullTerrier_01.prefab using Guid(09fd058ab758a754d8c7c1b690b4f068) Importer(815301076,1909f56bfc062723c751e8b465ee728b)  -> (artifact id: 'c90d1ae4068f8a01c6a248a3e2cd9c60') in 0.073865 seconds
  Import took 0.077741 seconds .

========================================================================
Received Import Request.
  Time since last request: 0.000260 seconds.
  path: Assets/Course Library/Animals/Dogs/Dog_Labrador_01.prefab
  artifactKey: Guid(938147f6ad7eebe4cb99d4a14cb96757) Importer(815301076,1909f56bfc062723c751e8b465ee728b)
Start importing Assets/Course Library/Animals/Dogs/Dog_Labrador_01.prefab using Guid(938147f6ad7eebe4cb99d4a14cb96757) Importer(815301076,1909f56bfc062723c751e8b465ee728b)  -> (artifact id: '0471ba6a6413bbeee464b94004ac7858') in 0.105744 seconds
  Import took 0.110346 seconds .

========================================================================
Received Import Request.
  Time since last request: 0.000284 seconds.
  path: Assets/Course Library/Animals/Dogs/Dog_RhodesianRidgeback_01.prefab
  artifactKey: Guid(957efc93c4488964582c89c0bf939bf0) Importer(815301076,1909f56bfc062723c751e8b465ee728b)
Start importing Assets/Course Library/Animals/Dogs/Dog_RhodesianRidgeback_01.prefab using Guid(957efc93c4488964582c89c0bf939bf0) Importer(815301076,1909f56bfc062723c751e8b465ee728b)  -> (artifact id: '032c46189d8712e242159fa5277de068') in 0.072859 seconds
  Import took 0.077567 seconds .

========================================================================
Received Import Request.
  Time since last request: 0.000399 seconds.
  path: Assets/Course Library/Animals/Dogs/Dog_BorderCollie_01.prefab
  artifactKey: Guid(d3273ee892cdcf749a22b49daf393a91) Importer(815301076,1909f56bfc062723c751e8b465ee728b)
Start importing Assets/Course Library/Animals/Dogs/Dog_BorderCollie_01.prefab using Guid(d3273ee892cdcf749a22b49daf393a91) Importer(815301076,1909f56bfc062723c751e8b465ee728b)  -> (artifact id: 'f859030f38653f21e8e9ec906402b56b') in 0.114819 seconds
  Import took 0.118875 seconds .

========================================================================
Received Import Request.
  Time since last request: 0.000332 seconds.
  path: Assets/Course Library/Animals/Dogs/Dog_Doberman_01.prefab
  artifactKey: Guid(2b6e184cdeba888429a079d519a7c8d5) Importer(815301076,1909f56bfc062723c751e8b465ee728b)
Start importing Assets/Course Library/Animals/Dogs/Dog_Doberman_01.prefab using Guid(2b6e184cdeba888429a079d519a7c8d5) Importer(815301076,1909f56bfc062723c751e8b465ee728b)  -> (artifact id: 'a393253820874497ccaa25e219c7c860') in 0.100189 seconds
  Import took 0.104130 seconds .

========================================================================
Received Import Request.
  Time since last request: 0.000289 seconds.
  path: Assets/Course Library/Animals/Dogs/Dog_GermanShepherd_01.prefab
  artifactKey: Guid(3b3cb28f974c42c4481d72da460937c9) Importer(815301076,1909f56bfc062723c751e8b465ee728b)
Start importing Assets/Course Library/Animals/Dogs/Dog_GermanShepherd_01.prefab using Guid(3b3cb28f974c42c4481d72da460937c9) Importer(815301076,1909f56bfc062723c751e8b465ee728b)  -> (artifact id: 'bf5025ab211f93b4d6f0a279df443f05') in 0.083238 seconds
  Import took 0.087511 seconds .

========================================================================
Received Import Request.
  Time since last request: 0.000389 seconds.
  path: Assets/Course Library/Animals/Dogs/Dog_BullDog_01.prefab
  artifactKey: Guid(782ffceb74ed3aa47a2a09261607aeb2) Importer(815301076,1909f56bfc062723c751e8b465ee728b)
Start importing Assets/Course Library/Animals/Dogs/Dog_BullDog_01.prefab using Guid(782ffceb74ed3aa47a2a09261607aeb2) Importer(815301076,1909f56bfc062723c751e8b465ee728b)  -> (artifact id: '5cd5d0c0af95cfe08a58764b3ee65bc7') in 0.090074 seconds
  Import took 0.094842 seconds .

========================================================================
Received Import Request.
  Time since last request: 0.000316 seconds.
  path: Assets/Course Library/Animals/Dogs/Dog_SaintBernard_01.prefab
  artifactKey: Guid(7e327461e79cb2a479e055d455c9a2fd) Importer(815301076,1909f56bfc062723c751e8b465ee728b)
Start importing Assets/Course Library/Animals/Dogs/Dog_SaintBernard_01.prefab using Guid(7e327461e79cb2a479e055d455c9a2fd) Importer(815301076,1909f56bfc062723c751e8b465ee728b)  -> (artifact id: 'a444cb9d936cbec7ba9d278973bb4420') in 0.097171 seconds
  Import took 0.101846 seconds .

========================================================================
Received Import Request.
  Time since last request: 0.000311 seconds.
  path: Assets/Course Library/Animals/Dogs/Dog_Pug_01.prefab
  artifactKey: Guid(c35f3b540532d1747b95a8a2eea9991d) Importer(815301076,1909f56bfc062723c751e8b465ee728b)
Start importing Assets/Course Library/Animals/Dogs/Dog_Pug_01.prefab using Guid(c35f3b540532d1747b95a8a2eea9991d) Importer(815301076,1909f56bfc062723c751e8b465ee728b)  -> (artifact id: '03590feee004255c9d8b96cbff4f6f1f') in 0.113405 seconds
  Import took 0.118014 seconds .

========================================================================
Received Import Request.
  Time since last request: 107.637822 seconds.
  path: Assets/Course Library/Humans
  artifactKey: Guid(f09165a6113c3484f84f5d06d40147ec) Importer(815301076,1909f56bfc062723c751e8b465ee728b)
Start importing Assets/Course Library/Humans using Guid(f09165a6113c3484f84f5d06d40147ec) Importer(815301076,1909f56bfc062723c751e8b465ee728b)  -> (artifact id: '5ab24ca66d828051ed7ef9a502178da6') in 0.006536 seconds
  Import took 0.012729 seconds .

========================================================================
Received Import Request.
  Time since last request: 0.001411 seconds.
  path: Assets/Course Library/Humans
  artifactKey: Guid(f09165a6113c3484f84f5d06d40147ec) Importer(815301076,1909f56bfc062723c751e8b465ee728b)
Start importing Assets/Course Library/Humans using Guid(f09165a6113c3484f84f5d06d40147ec) Importer(815301076,1909f56bfc062723c751e8b465ee728b)  -> (artifact id: '5ab24ca66d828051ed7ef9a502178da6') in 0.004624 seconds
  Import took 0.019662 seconds .

========================================================================
Received Import Request.
  Time since last request: 0.082255 seconds.
  path: Assets/Course Library/Humans/SimpleFarmer_Man_01_Black.prefab
  artifactKey: Guid(f8abbdd178867d2419ba9feb6ff2cba0) Importer(815301076,1909f56bfc062723c751e8b465ee728b)
Start importing Assets/Course Library/Humans/SimpleFarmer_Man_01_Black.prefab using Guid(f8abbdd178867d2419ba9feb6ff2cba0) Importer(815301076,1909f56bfc062723c751e8b465ee728b)  -> (artifact id: 'ed99c7a4f7c1c0a07942bd43269a4f8b') in 0.289743 seconds
  Import took 0.294681 seconds .

========================================================================
Received Import Request.
  Time since last request: 0.000350 seconds.
  path: Assets/Course Library/Humans/SimpleFarmer_Man_02_Brown.prefab
  artifactKey: Guid(814f4326a50812947b2469896d89a215) Importer(815301076,1909f56bfc062723c751e8b465ee728b)
Start importing Assets/Course Library/Humans/SimpleFarmer_Man_02_Brown.prefab using Guid(814f4326a50812947b2469896d89a215) Importer(815301076,1909f56bfc062723c751e8b465ee728b)  -> (artifact id: '309b792b36c018637bfafb489afb76a9') in 0.066991 seconds
  Import took 0.071585 seconds .

========================================================================
Received Import Request.
  Time since last request: 0.000319 seconds.
  path: Assets/Course Library/Humans/SimpleFarmer_Man_01_Brown.prefab
  artifactKey: Guid(6f52b946693e54048af74f5cd6ba49f8) Importer(815301076,1909f56bfc062723c751e8b465ee728b)
Start importing Assets/Course Library/Humans/SimpleFarmer_Man_01_Brown.prefab using Guid(6f52b946693e54048af74f5cd6ba49f8) Importer(815301076,1909f56bfc062723c751e8b465ee728b)  -> (artifact id: '84f8fe38aa7d297a21b945728a89940a') in 0.069155 seconds
  Import took 0.074242 seconds .

========================================================================
Received Import Request.
  Time since last request: 0.000302 seconds.
  path: Assets/Course Library/Humans/SimpleFarmer_Woman_02_Brown.prefab
  artifactKey: Guid(f3f69bcf5a1514c458ed5c9b96f28e34) Importer(815301076,1909f56bfc062723c751e8b465ee728b)
Start importing Assets/Course Library/Humans/SimpleFarmer_Woman_02_Brown.prefab using Guid(f3f69bcf5a1514c458ed5c9b96f28e34) Importer(815301076,1909f56bfc062723c751e8b465ee728b)  -> (artifact id: '8528eb9ea8b5f55076e1cec5099a9d15') in 0.068866 seconds
  Import took 0.074390 seconds .

========================================================================
Received Import Request.
  Time since last request: 0.000342 seconds.
  path: Assets/Course Library/Humans/SimpleFarmer_Woman_02_White.prefab
  artifactKey: Guid(3cf7f489270aac84fb12901330960a5b) Importer(815301076,1909f56bfc062723c751e8b465ee728b)
Start importing Assets/Course Library/Humans/SimpleFarmer_Woman_02_White.prefab using Guid(3cf7f489270aac84fb12901330960a5b) Importer(815301076,1909f56bfc062723c751e8b465ee728b)  -> (artifact id: '71be9cbe324913a68a0e56f3997ce64d') in 0.085481 seconds
  Import took 0.092662 seconds .

========================================================================
Received Import Request.
  Time since last request: 0.000379 seconds.
  path: Assets/Course Library/Humans/SimpleFarmer_Man_02_Black.prefab
  artifactKey: Guid(fc01a3bb589cebc4aa10892db165243b) Importer(815301076,1909f56bfc062723c751e8b465ee728b)
Start importing Assets/Course Library/Humans/SimpleFarmer_Man_02_Black.prefab using Guid(fc01a3bb589cebc4aa10892db165243b) Importer(815301076,1909f56bfc062723c751e8b465ee728b)  -> (artifact id: '02cca7e1f575b83ddfe3d9fc28f9c52e') in 0.070243 seconds
  Import took 0.080540 seconds .

========================================================================
Received Import Request.
  Time since last request: 0.000543 seconds.
  path: Assets/Course Library/Humans/SimpleFarmer_Woman_01_Black.prefab
  artifactKey: Guid(0e1316a3e46fdb349b6ff648610a1d71) Importer(815301076,1909f56bfc062723c751e8b465ee728b)
Start importing Assets/Course Library/Humans/SimpleFarmer_Woman_01_Black.prefab using Guid(0e1316a3e46fdb349b6ff648610a1d71) Importer(815301076,1909f56bfc062723c751e8b465ee728b)  -> (artifact id: '4ff7bfd42585e13c266d607049ddc5d6') in 0.089478 seconds
  Import took 0.106411 seconds .

========================================================================
Received Import Request.
  Time since last request: 0.000347 seconds.
  path: Assets/Course Library/Humans/SimpleFarmer_Woman_01_Brown.prefab
  artifactKey: Guid(610afbb40c4385d42aa33adfe3531f0a) Importer(815301076,1909f56bfc062723c751e8b465ee728b)
Start importing Assets/Course Library/Humans/SimpleFarmer_Woman_01_Brown.prefab using Guid(610afbb40c4385d42aa33adfe3531f0a) Importer(815301076,1909f56bfc062723c751e8b465ee728b)  -> (artifact id: '54e5cec6d3825d13c263ee6f2b45ba14') in 0.134422 seconds
  Import took 0.143562 seconds .

========================================================================
Received Import Request.
  Time since last request: 0.000314 seconds.
  path: Assets/Course Library/Humans/SimpleFarmer_Woman_01_White.prefab
  artifactKey: Guid(7169122e91e1981469b2b6045ddf7963) Importer(815301076,1909f56bfc062723c751e8b465ee728b)
Start importing Assets/Course Library/Humans/SimpleFarmer_Woman_01_White.prefab using Guid(7169122e91e1981469b2b6045ddf7963) Importer(815301076,1909f56bfc062723c751e8b465ee728b)  -> (artifact id: '23efb5c12bf72b8050c0397bc637b132') in 0.079131 seconds
  Import took 0.087466 seconds .

========================================================================
Received Import Request.
  Time since last request: 0.000494 seconds.
  path: Assets/Course Library/Humans/SimpleFarmer_Man_02_White.prefab
  artifactKey: Guid(7b6675de545141649953fd8adec4561b) Importer(815301076,1909f56bfc062723c751e8b465ee728b)
Start importing Assets/Course Library/Humans/SimpleFarmer_Man_02_White.prefab using Guid(7b6675de545141649953fd8adec4561b) Importer(815301076,1909f56bfc062723c751e8b465ee728b)  -> (artifact id: '16bfa05d8b6c9897761a8e4e4443b17e') in 0.086592 seconds
  Import took 0.096416 seconds .

========================================================================
Received Import Request.
  Time since last request: 0.000407 seconds.
  path: Assets/Course Library/Humans/SimpleFarmer_Man_01_White.prefab
  artifactKey: Guid(3bd8a450fcb589542a7843ea7bda2ee6) Importer(815301076,1909f56bfc062723c751e8b465ee728b)
Start importing Assets/Course Library/Humans/SimpleFarmer_Man_01_White.prefab using Guid(3bd8a450fcb589542a7843ea7bda2ee6) Importer(815301076,1909f56bfc062723c751e8b465ee728b)  -> (artifact id: 'df60c64b8796bdd541c2b986bef4e077') in 0.067624 seconds
  Import took 0.084240 seconds .

========================================================================
Received Import Request.
  Time since last request: 0.000392 seconds.
  path: Assets/Course Library/Humans/SimpleFarmer_Woman_02_Black.prefab
  artifactKey: Guid(2af1fa464b69e4c4cb1a408373c7d971) Importer(815301076,1909f56bfc062723c751e8b465ee728b)
Start importing Assets/Course Library/Humans/SimpleFarmer_Woman_02_Black.prefab using Guid(2af1fa464b69e4c4cb1a408373c7d971) Importer(815301076,1909f56bfc062723c751e8b465ee728b)  -> (artifact id: '53e3a261204992a9814eede48e4c5362') in 0.087036 seconds
  Import took 0.099302 seconds .

========================================================================
Received Import Request.
  Time since last request: 0.003546 seconds.
  path: Assets/Course Library/Humans/SimpleFarmer_Woman_02_Black.prefab
  artifactKey: Guid(2af1fa464b69e4c4cb1a408373c7d971) Importer(815301076,1909f56bfc062723c751e8b465ee728b)
Start importing Assets/Course Library/Humans/SimpleFarmer_Woman_02_Black.prefab using Guid(2af1fa464b69e4c4cb1a408373c7d971) Importer(815301076,1909f56bfc062723c751e8b465ee728b)  -> (artifact id: '53e3a261204992a9814eede48e4c5362') in 0.114414 seconds
  Import took 0.125246 seconds .

========================================================================
Received Import Request.
  Time since last request: 59.068006 seconds.
  path: Assets/Course Library/Food
  artifactKey: Guid(ebb5014b986f346d0a94f77d3088ef31) Importer(815301076,1909f56bfc062723c751e8b465ee728b)
Start importing Assets/Course Library/Food using Guid(ebb5014b986f346d0a94f77d3088ef31) Importer(815301076,1909f56bfc062723c751e8b465ee728b)  -> (artifact id: 'd4aaf22b3e0ff688648ff4223f30c57b') in 0.005544 seconds
  Import took 0.011367 seconds .

========================================================================
Received Import Request.
  Time since last request: 0.002996 seconds.
  path: Assets/Course Library/Food
  artifactKey: Guid(ebb5014b986f346d0a94f77d3088ef31) Importer(815301076,1909f56bfc062723c751e8b465ee728b)
Start importing Assets/Course Library/Food using Guid(ebb5014b986f346d0a94f77d3088ef31) Importer(815301076,1909f56bfc062723c751e8b465ee728b)  -> (artifact id: 'd4aaf22b3e0ff688648ff4223f30c57b') in 0.009045 seconds
  Import took 0.021897 seconds .

========================================================================
Received Import Request.
  Time since last request: 0.075015 seconds.
  path: Assets/Course Library/Food/Food_Banana_01.prefab
  artifactKey: Guid(84cd279dfc9ea0a4b8564030182915fa) Importer(815301076,1909f56bfc062723c751e8b465ee728b)
Start importing Assets/Course Library/Food/Food_Banana_01.prefab using Guid(84cd279dfc9ea0a4b8564030182915fa) Importer(815301076,1909f56bfc062723c751e8b465ee728b)  -> (artifact id: 'e7c8e1f5befaafe6f3a42b993f6b7687') in 0.040895 seconds
  Import took 0.048278 seconds .

========================================================================
Received Import Request.
  Time since last request: 0.001936 seconds.
  path: Assets/Course Library/Food/Food_Cookie_01.prefab
  artifactKey: Guid(10d25933610222845ad3760a855829c4) Importer(815301076,1909f56bfc062723c751e8b465ee728b)
Start importing Assets/Course Library/Food/Food_Cookie_01.prefab using Guid(10d25933610222845ad3760a855829c4) Importer(815301076,1909f56bfc062723c751e8b465ee728b)  -> (artifact id: '28ef245795d50f691c20c8fe20725e2a') in 0.017288 seconds
  Import took 0.027078 seconds .

========================================================================
Received Import Request.
  Time since last request: 0.000320 seconds.
  path: Assets/Course Library/Food/Food_Sandwich_01.prefab
  artifactKey: Guid(5b10c1fadcedc4347b929c94cb50d5d3) Importer(815301076,1909f56bfc062723c751e8b465ee728b)
Start importing Assets/Course Library/Food/Food_Sandwich_01.prefab using Guid(5b10c1fadcedc4347b929c94cb50d5d3) Importer(815301076,1909f56bfc062723c751e8b465ee728b)  -> (artifact id: '1b6be38b7e8d1fa1987466b17cc728ea') in 0.056342 seconds
  Import took 0.061897 seconds .

========================================================================
Received Import Request.
  Time since last request: 0.000352 seconds.
  path: Assets/Course Library/Food/Food_Organic_Carrot.prefab
  artifactKey: Guid(bd519f706f8c5cf4dad9fed04ab5b64b) Importer(815301076,1909f56bfc062723c751e8b465ee728b)
Start importing Assets/Course Library/Food/Food_Organic_Carrot.prefab using Guid(bd519f706f8c5cf4dad9fed04ab5b64b) Importer(815301076,1909f56bfc062723c751e8b465ee728b)  -> (artifact id: '76d3548e514d759c2a3b3fb17c8a8d77') in 0.023927 seconds
  Import took 0.030653 seconds .

========================================================================
Received Import Request.
  Time since last request: 0.001262 seconds.
  path: Assets/Course Library/Food/Food_Organic_Pear_02.prefab
  artifactKey: Guid(4949a22a2c444b0459d7289aae77be28) Importer(815301076,1909f56bfc062723c751e8b465ee728b)
Start importing Assets/Course Library/Food/Food_Organic_Pear_02.prefab using Guid(4949a22a2c444b0459d7289aae77be28) Importer(815301076,1909f56bfc062723c751e8b465ee728b)  -> (artifact id: 'dde9b2b4c4c298d1b1d956f77ec052af') in 0.016360 seconds
  Import took 0.026395 seconds .

========================================================================
Received Import Request.
  Time since last request: 0.000434 seconds.
  path: Assets/Course Library/Food/Food_Organic_Apple_01.prefab
  artifactKey: Guid(c13306d1f1d9a1a489199ef77f9dba89) Importer(815301076,1909f56bfc062723c751e8b465ee728b)
Start importing Assets/Course Library/Food/Food_Organic_Apple_01.prefab using Guid(c13306d1f1d9a1a489199ef77f9dba89) Importer(815301076,1909f56bfc062723c751e8b465ee728b)  -> (artifact id: '11b5a4198adec2a15e64f0694c294822') in 0.028867 seconds
  Import took 0.033530 seconds .

========================================================================
Received Import Request.
  Time since last request: 0.001016 seconds.
  path: Assets/Course Library/Food/Food_Organic_Apple_03.prefab
  artifactKey: Guid(c2f4b43f266dc11439efef86830dafb4) Importer(815301076,1909f56bfc062723c751e8b465ee728b)
Start importing Assets/Course Library/Food/Food_Organic_Apple_03.prefab using Guid(c2f4b43f266dc11439efef86830dafb4) Importer(815301076,1909f56bfc062723c751e8b465ee728b)  -> (artifact id: '178bb756d38ece5834fb5be2c9c82c54') in 0.034672 seconds
  Import took 0.040983 seconds .

========================================================================
Received Import Request.
  Time since last request: 0.000305 seconds.
  path: Assets/Course Library/Food/Food_Steak_01.prefab
  artifactKey: Guid(9f063c5e5835cbd4b8dc54a6c0b45db4) Importer(815301076,1909f56bfc062723c751e8b465ee728b)
Start importing Assets/Course Library/Food/Food_Steak_01.prefab using Guid(9f063c5e5835cbd4b8dc54a6c0b45db4) Importer(815301076,1909f56bfc062723c751e8b465ee728b)  -> (artifact id: 'aca5534a49074123e6f988917f6c9ce2') in 0.022614 seconds
  Import took 0.026122 seconds .

========================================================================
Received Import Request.
  Time since last request: 0.000724 seconds.
  path: Assets/Course Library/Food/Food_Bone_01.prefab
  artifactKey: Guid(1f17d257118ec324ca772c5b2bacbb14) Importer(815301076,1909f56bfc062723c751e8b465ee728b)
Start importing Assets/Course Library/Food/Food_Bone_01.prefab using Guid(1f17d257118ec324ca772c5b2bacbb14) Importer(815301076,1909f56bfc062723c751e8b465ee728b)  -> (artifact id: 'b46fd341047d79445e2b1e288af57734') in 0.023282 seconds
  Import took 0.030304 seconds .

========================================================================
Received Import Request.
  Time since last request: 0.000291 seconds.
  path: Assets/Course Library/Food/Food_EnergyCan_01.prefab
  artifactKey: Guid(f9125fa89572f1e40bb082978a85b951) Importer(815301076,1909f56bfc062723c751e8b465ee728b)
Start importing Assets/Course Library/Food/Food_EnergyCan_01.prefab using Guid(f9125fa89572f1e40bb082978a85b951) Importer(815301076,1909f56bfc062723c751e8b465ee728b)  -> (artifact id: '4b3b129c01c8072474ecf7b37706f173') in 0.025497 seconds
  Import took 0.036465 seconds .

========================================================================
Received Import Request.
  Time since last request: 0.005004 seconds.
  path: Assets/Course Library/Food/Food_Fish_Cooked.prefab
  artifactKey: Guid(245ebd2bf811d4f45a1d5dcd8c327131) Importer(815301076,1909f56bfc062723c751e8b465ee728b)
Start importing Assets/Course Library/Food/Food_Fish_Cooked.prefab using Guid(245ebd2bf811d4f45a1d5dcd8c327131) Importer(815301076,1909f56bfc062723c751e8b465ee728b)  -> (artifact id: '73420fe068cfbde5befbf0335373d33f') in 0.019563 seconds
  Import took 0.025074 seconds .

========================================================================
Received Import Request.
  Time since last request: 0.000580 seconds.
  path: Assets/Course Library/Food/Food_Pizza_01.prefab
  artifactKey: Guid(06cdf427476835b42837c1ca7f8cdbd1) Importer(815301076,1909f56bfc062723c751e8b465ee728b)
Start importing Assets/Course Library/Food/Food_Pizza_01.prefab using Guid(06cdf427476835b42837c1ca7f8cdbd1) Importer(815301076,1909f56bfc062723c751e8b465ee728b)  -> (artifact id: '5dbb77de53089c6d2e9dc9a4056d8387') in 0.032389 seconds
  Import took 0.037438 seconds .

========================================================================
Received Import Request.
  Time since last request: 0.007306 seconds.
  path: Assets/Course Library/Food/Food_Wine_01.prefab
  artifactKey: Guid(ca03aa5ab3af9f147aa60e7b8d131fe3) Importer(815301076,1909f56bfc062723c751e8b465ee728b)
Start importing Assets/Course Library/Food/Food_Wine_01.prefab using Guid(ca03aa5ab3af9f147aa60e7b8d131fe3) Importer(815301076,1909f56bfc062723c751e8b465ee728b)  -> (artifact id: '42ba46c0d35a2502f2874db6ec85d696') in 0.029820 seconds
  Import took 0.039352 seconds .

========================================================================
Received Import Request.
  Time since last request: 59.606463 seconds.
  path: Assets/PlayerController.cs
  artifactKey: Guid(8a274e97c553f4c5db995e4169ad0491) Importer(815301076,1909f56bfc062723c751e8b465ee728b)
Start importing Assets/PlayerController.cs using Guid(8a274e97c553f4c5db995e4169ad0491) Importer(815301076,1909f56bfc062723c751e8b465ee728b)  -> (artifact id: '353d86b9f137f699d597523950910356') in 11.591462 seconds
  Import took 11.612883 seconds .

========================================================================
Received Prepare
Registering precompiled user dll's ...
Registered in 0.006990 seconds.
Begin MonoManager ReloadAssembly
Native extension for OSXStandalone target not found
Refreshing native plugins compatible for Editor in 0.52 ms, found 2 plugins.
Preloading 0 native plugins for Editor in 0.00 ms.
Mono: successfully reloaded assembly
- Completed reload, in  3.723 seconds
Platform modules already initialized, skipping
Refreshing native plugins compatible for Editor in 0.33 ms, found 2 plugins.
Preloading 0 native plugins for Editor in 0.00 ms.
Unloading 1382 Unused Serialized files (Serialized files now loaded: 0)
System memory in use before: 163.3 MB.
System memory in use after: 163.4 MB.

Unloading 14 unused Assets to reduce memory usage. Loaded Objects now: 1833.
Total: 2.513273 ms (FindLiveObjects: 0.260202 ms CreateObjectMapping: 0.068665 ms MarkObjects: 2.082071 ms  DeleteObjects: 0.100598 ms)

========================================================================
Received Prepare
Registering precompiled user dll's ...
Registered in 0.005458 seconds.
Begin MonoManager ReloadAssembly
Native extension for OSXStandalone target not found
Refreshing native plugins compatible for Editor in 0.42 ms, found 2 plugins.
Preloading 0 native plugins for Editor in 0.00 ms.
Mono: successfully reloaded assembly
- Completed reload, in  1.739 seconds
Platform modules already initialized, skipping
Refreshing native plugins compatible for Editor in 0.33 ms, found 2 plugins.
Preloading 0 native plugins for Editor in 0.00 ms.
Unloading 1382 Unused Serialized files (Serialized files now loaded: 0)
System memory in use before: 163.5 MB.
System memory in use after: 163.6 MB.

Unloading 14 unused Assets to reduce memory usage. Loaded Objects now: 1836.
Total: 2.366500 ms (FindLiveObjects: 0.195382 ms CreateObjectMapping: 0.045674 ms MarkObjects: 2.046267 ms  DeleteObjects: 0.077898 ms)

========================================================================
Received Import Request.
  Time since last request: 242.661500 seconds.
  path: Assets/PlayerController.cs
  artifactKey: Guid(8a274e97c553f4c5db995e4169ad0491) Importer(815301076,1909f56bfc062723c751e8b465ee728b)
Start importing Assets/PlayerController.cs using Guid(8a274e97c553f4c5db995e4169ad0491) Importer(815301076,1909f56bfc062723c751e8b465ee728b)  -> (artifact id: '2713e1084479a59c5de2d010264be703') in 0.016007 seconds
  Import took 0.018918 seconds .

========================================================================
Received Prepare
Registering precompiled user dll's ...
Registered in 0.003637 seconds.
Begin MonoManager ReloadAssembly
Native extension for OSXStandalone target not found
Refreshing native plugins compatible for Editor in 0.36 ms, found 2 plugins.
Preloading 0 native plugins for Editor in 0.00 ms.
Mono: successfully reloaded assembly
- Completed reload, in  1.579 seconds
Platform modules already initialized, skipping
Refreshing native plugins compatible for Editor in 0.34 ms, found 2 plugins.
Preloading 0 native plugins for Editor in 0.00 ms.
Unloading 1382 Unused Serialized files (Serialized files now loaded: 0)
System memory in use before: 163.7 MB.
System memory in use after: 163.8 MB.

Unloading 14 unused Assets to reduce memory usage. Loaded Objects now: 1839.
Total: 2.183877 ms (FindLiveObjects: 0.173191 ms CreateObjectMapping: 0.056788 ms MarkObjects: 1.883561 ms  DeleteObjects: 0.069229 ms)

========================================================================
Received Prepare
Registering precompiled user dll's ...
Registered in 0.019356 seconds.
Begin MonoManager ReloadAssembly
Native extension for OSXStandalone target not found
Refreshing native plugins compatible for Editor in 0.34 ms, found 2 plugins.
Preloading 0 native plugins for Editor in 0.00 ms.
Mono: successfully reloaded assembly
- Completed reload, in  1.585 seconds
Platform modules already initialized, skipping
Refreshing native plugins compatible for Editor in 0.34 ms, found 2 plugins.
Preloading 0 native plugins for Editor in 0.00 ms.
Unloading 1382 Unused Serialized files (Serialized files now loaded: 0)
System memory in use before: 163.9 MB.
System memory in use after: 164.0 MB.

Unloading 14 unused Assets to reduce memory usage. Loaded Objects now: 1842.
Total: 3.977946 ms (FindLiveObjects: 0.257294 ms CreateObjectMapping: 0.052711 ms MarkObjects: 3.577913 ms  DeleteObjects: 0.088726 ms)

========================================================================
Received Prepare
Registering precompiled user dll's ...
Registered in 0.003281 seconds.
Begin MonoManager ReloadAssembly
Native extension for OSXStandalone target not found
Refreshing native plugins compatible for Editor in 0.36 ms, found 2 plugins.
Preloading 0 native plugins for Editor in 0.00 ms.
Mono: successfully reloaded assembly
- Completed reload, in  1.553 seconds
Platform modules already initialized, skipping
Refreshing native plugins compatible for Editor in 0.38 ms, found 2 plugins.
Preloading 0 native plugins for Editor in 0.00 ms.
Unloading 1382 Unused Serialized files (Serialized files now loaded: 0)
System memory in use before: 164.0 MB.
System memory in use after: 164.1 MB.

Unloading 14 unused Assets to reduce memory usage. Loaded Objects now: 1845.
Total: 5.177179 ms (FindLiveObjects: 0.396965 ms CreateObjectMapping: 0.121676 ms MarkObjects: 4.485699 ms  DeleteObjects: 0.170386 ms)

========================================================================
Received Prepare
Registering precompiled user dll's ...
Registered in 0.003503 seconds.
Begin MonoManager ReloadAssembly
Native extension for OSXStandalone target not found
Refreshing native plugins compatible for Editor in 0.49 ms, found 2 plugins.
Preloading 0 native plugins for Editor in 0.00 ms.
Mono: successfully reloaded assembly
- Completed reload, in  1.578 seconds
Platform modules already initialized, skipping
Refreshing native plugins compatible for Editor in 0.36 ms, found 2 plugins.
Preloading 0 native plugins for Editor in 0.00 ms.
Unloading 1382 Unused Serialized files (Serialized files now loaded: 0)
System memory in use before: 164.3 MB.
System memory in use after: 164.4 MB.

Unloading 14 unused Assets to reduce memory usage. Loaded Objects now: 1848.
Total: 2.030917 ms (FindLiveObjects: 0.197240 ms CreateObjectMapping: 0.044473 ms MarkObjects: 1.707737 ms  DeleteObjects: 0.079843 ms)

========================================================================
Received Prepare
Registering precompiled user dll's ...
Registered in 0.003977 seconds.
Begin MonoManager ReloadAssembly
Native extension for OSXStandalone target not found
Refreshing native plugins compatible for Editor in 0.35 ms, found 2 plugins.
Preloading 0 native plugins for Editor in 0.00 ms.
Mono: successfully reloaded assembly
- Completed reload, in  1.768 seconds
Platform modules already initialized, skipping
Refreshing native plugins compatible for Editor in 0.50 ms, found 2 plugins.
Preloading 0 native plugins for Editor in 0.00 ms.
Unloading 1382 Unused Serialized files (Serialized files now loaded: 0)
System memory in use before: 164.4 MB.
System memory in use after: 164.5 MB.

Unloading 14 unused Assets to reduce memory usage. Loaded Objects now: 1851.
Total: 2.032938 ms (FindLiveObjects: 0.203771 ms CreateObjectMapping: 0.073035 ms MarkObjects: 1.686872 ms  DeleteObjects: 0.068035 ms)

